{"/home/wakugumi/Project/project-timestamp/src/drivers/camera-driver.ts": {"path":"/home/wakugumi/Project/project-timestamp/src/drivers/camera-driver.ts","all":false,"statementMap":{"0":{"start":{"line":1,"column":0},"end":{"line":1,"column":37}},"1":{"start":{"line":2,"column":0},"end":{"line":2,"column":0}},"2":{"start":{"line":3,"column":0},"end":{"line":3,"column":27}},"3":{"start":{"line":4,"column":0},"end":{"line":4,"column":25}},"4":{"start":{"line":5,"column":0},"end":{"line":5,"column":0}},"5":{"start":{"line":6,"column":0},"end":{"line":6,"column":35}},"6":{"start":{"line":7,"column":0},"end":{"line":7,"column":0}},"7":{"start":{"line":8,"column":0},"end":{"line":8,"column":5}},"8":{"start":{"line":9,"column":0},"end":{"line":9,"column":82}},"9":{"start":{"line":10,"column":0},"end":{"line":10,"column":5}},"10":{"start":{"line":11,"column":0},"end":{"line":11,"column":36}},"11":{"start":{"line":12,"column":0},"end":{"line":12,"column":35}},"12":{"start":{"line":13,"column":0},"end":{"line":13,"column":3}},"13":{"start":{"line":14,"column":0},"end":{"line":14,"column":0}},"14":{"start":{"line":15,"column":0},"end":{"line":15,"column":22}},"15":{"start":{"line":16,"column":0},"end":{"line":16,"column":54}},"16":{"start":{"line":17,"column":0},"end":{"line":17,"column":103}},"17":{"start":{"line":18,"column":0},"end":{"line":18,"column":6}},"18":{"start":{"line":19,"column":0},"end":{"line":19,"column":0}},"19":{"start":{"line":20,"column":0},"end":{"line":20,"column":25}},"20":{"start":{"line":21,"column":0},"end":{"line":21,"column":48}},"21":{"start":{"line":22,"column":0},"end":{"line":22,"column":6}},"22":{"start":{"line":23,"column":0},"end":{"line":23,"column":0}},"23":{"start":{"line":24,"column":0},"end":{"line":24,"column":18}},"24":{"start":{"line":25,"column":0},"end":{"line":25,"column":37}},"25":{"start":{"line":26,"column":0},"end":{"line":26,"column":6}},"26":{"start":{"line":27,"column":0},"end":{"line":27,"column":4}},"27":{"start":{"line":28,"column":0},"end":{"line":28,"column":0}},"28":{"start":{"line":29,"column":0},"end":{"line":29,"column":5}},"29":{"start":{"line":30,"column":0},"end":{"line":30,"column":35}},"30":{"start":{"line":31,"column":0},"end":{"line":31,"column":5}},"31":{"start":{"line":32,"column":0},"end":{"line":32,"column":26}},"32":{"start":{"line":33,"column":0},"end":{"line":33,"column":9}},"33":{"start":{"line":34,"column":0},"end":{"line":34,"column":76}},"34":{"start":{"line":35,"column":0},"end":{"line":35,"column":36}},"35":{"start":{"line":36,"column":0},"end":{"line":36,"column":13}},"36":{"start":{"line":37,"column":0},"end":{"line":37,"column":65}},"37":{"start":{"line":38,"column":0},"end":{"line":38,"column":9}},"38":{"start":{"line":39,"column":0},"end":{"line":39,"column":24}},"39":{"start":{"line":40,"column":0},"end":{"line":40,"column":21}},"40":{"start":{"line":41,"column":0},"end":{"line":41,"column":18}},"41":{"start":{"line":42,"column":0},"end":{"line":42,"column":5}},"42":{"start":{"line":43,"column":0},"end":{"line":43,"column":3}},"43":{"start":{"line":44,"column":0},"end":{"line":44,"column":0}},"44":{"start":{"line":45,"column":0},"end":{"line":45,"column":5}},"45":{"start":{"line":46,"column":0},"end":{"line":46,"column":35}},"46":{"start":{"line":47,"column":0},"end":{"line":47,"column":76}},"47":{"start":{"line":48,"column":0},"end":{"line":48,"column":5}},"48":{"start":{"line":49,"column":0},"end":{"line":49,"column":66}},"49":{"start":{"line":50,"column":0},"end":{"line":50,"column":16}},"50":{"start":{"line":51,"column":0},"end":{"line":51,"column":15}},"51":{"start":{"line":52,"column":0},"end":{"line":52,"column":15}},"52":{"start":{"line":53,"column":0},"end":{"line":53,"column":44}},"53":{"start":{"line":54,"column":0},"end":{"line":54,"column":29}},"54":{"start":{"line":55,"column":0},"end":{"line":55,"column":27}},"55":{"start":{"line":56,"column":0},"end":{"line":56,"column":10}},"56":{"start":{"line":57,"column":0},"end":{"line":57,"column":7}},"57":{"start":{"line":58,"column":0},"end":{"line":58,"column":25}},"58":{"start":{"line":59,"column":0},"end":{"line":59,"column":20}},"59":{"start":{"line":60,"column":0},"end":{"line":60,"column":9}},"60":{"start":{"line":61,"column":0},"end":{"line":61,"column":3}},"61":{"start":{"line":62,"column":0},"end":{"line":62,"column":0}},"62":{"start":{"line":63,"column":0},"end":{"line":63,"column":32}},"63":{"start":{"line":64,"column":0},"end":{"line":64,"column":23}},"64":{"start":{"line":65,"column":0},"end":{"line":65,"column":3}},"65":{"start":{"line":66,"column":0},"end":{"line":66,"column":0}},"66":{"start":{"line":67,"column":0},"end":{"line":67,"column":5}},"67":{"start":{"line":68,"column":0},"end":{"line":68,"column":44}},"68":{"start":{"line":69,"column":0},"end":{"line":69,"column":68}},"69":{"start":{"line":70,"column":0},"end":{"line":70,"column":5}},"70":{"start":{"line":71,"column":0},"end":{"line":71,"column":25}},"71":{"start":{"line":72,"column":0},"end":{"line":72,"column":23}},"72":{"start":{"line":73,"column":0},"end":{"line":73,"column":52}},"73":{"start":{"line":74,"column":0},"end":{"line":74,"column":30}},"74":{"start":{"line":75,"column":0},"end":{"line":75,"column":38}},"75":{"start":{"line":76,"column":0},"end":{"line":76,"column":74}},"76":{"start":{"line":77,"column":0},"end":{"line":77,"column":0}},"77":{"start":{"line":78,"column":0},"end":{"line":78,"column":22}},"78":{"start":{"line":79,"column":0},"end":{"line":79,"column":8}},"79":{"start":{"line":80,"column":0},"end":{"line":80,"column":23}},"80":{"start":{"line":81,"column":0},"end":{"line":81,"column":18}},"81":{"start":{"line":82,"column":0},"end":{"line":82,"column":9}},"82":{"start":{"line":83,"column":0},"end":{"line":83,"column":3}},"83":{"start":{"line":84,"column":0},"end":{"line":84,"column":0}},"84":{"start":{"line":85,"column":0},"end":{"line":85,"column":77}},"85":{"start":{"line":86,"column":0},"end":{"line":86,"column":26}},"86":{"start":{"line":87,"column":0},"end":{"line":87,"column":28}},"87":{"start":{"line":88,"column":0},"end":{"line":88,"column":3}},"88":{"start":{"line":89,"column":0},"end":{"line":89,"column":0}},"89":{"start":{"line":90,"column":0},"end":{"line":90,"column":28}},"90":{"start":{"line":91,"column":0},"end":{"line":91,"column":23}},"91":{"start":{"line":92,"column":0},"end":{"line":92,"column":24}},"92":{"start":{"line":93,"column":0},"end":{"line":93,"column":3}},"93":{"start":{"line":94,"column":0},"end":{"line":94,"column":1}}},"s":{"0":1,"1":1,"2":1,"3":1,"4":1,"5":1,"6":1,"7":1,"8":1,"9":1,"10":1,"11":1,"12":1,"13":1,"14":1,"15":1,"16":2,"17":1,"18":1,"19":1,"20":0,"21":1,"22":1,"23":1,"24":0,"25":1,"26":1,"27":1,"28":1,"29":1,"30":1,"31":1,"32":1,"33":1,"34":1,"35":1,"36":1,"37":1,"38":1,"39":1,"40":0,"41":0,"42":1,"43":1,"44":1,"45":1,"46":1,"47":1,"48":1,"49":0,"50":0,"51":0,"52":0,"53":0,"54":0,"55":0,"56":0,"57":0,"58":0,"59":0,"60":0,"61":1,"62":1,"63":0,"64":0,"65":1,"66":1,"67":1,"68":1,"69":1,"70":1,"71":0,"72":0,"73":0,"74":0,"75":0,"76":0,"77":0,"78":0,"79":0,"80":0,"81":0,"82":0,"83":1,"84":1,"85":1,"86":0,"87":0,"88":1,"89":1,"90":1,"91":0,"92":0,"93":1},"branchMap":{"0":{"type":"branch","line":11,"loc":{"start":{"line":11,"column":2},"end":{"line":13,"column":3}},"locations":[{"start":{"line":11,"column":2},"end":{"line":13,"column":3}}]},"1":{"type":"branch","line":16,"loc":{"start":{"line":16,"column":4},"end":{"line":18,"column":5}},"locations":[{"start":{"line":16,"column":4},"end":{"line":18,"column":5}}]},"2":{"type":"branch","line":32,"loc":{"start":{"line":32,"column":15},"end":{"line":43,"column":3}},"locations":[{"start":{"line":32,"column":15},"end":{"line":43,"column":3}}]},"3":{"type":"branch","line":40,"loc":{"start":{"line":40,"column":6},"end":{"line":42,"column":5}},"locations":[{"start":{"line":40,"column":6},"end":{"line":42,"column":5}}]}},"b":{"0":[1],"1":[2],"2":[1],"3":[0]},"fnMap":{"0":{"name":"CameraDriver","decl":{"start":{"line":11,"column":2},"end":{"line":13,"column":3}},"loc":{"start":{"line":11,"column":2},"end":{"line":13,"column":3}},"line":11},"1":{"name":"capture","decl":{"start":{"line":16,"column":4},"end":{"line":18,"column":5}},"loc":{"start":{"line":16,"column":4},"end":{"line":18,"column":5}},"line":16},"2":{"name":"get capture_movie","decl":{"start":{"line":20,"column":4},"end":{"line":22,"column":5}},"loc":{"start":{"line":20,"column":4},"end":{"line":22,"column":5}},"line":20},"3":{"name":"get status","decl":{"start":{"line":24,"column":4},"end":{"line":26,"column":5}},"loc":{"start":{"line":24,"column":4},"end":{"line":26,"column":5}},"line":24},"4":{"name":"capture","decl":{"start":{"line":32,"column":15},"end":{"line":43,"column":3}},"loc":{"start":{"line":32,"column":15},"end":{"line":43,"column":3}},"line":32},"5":{"name":"start_liveview","decl":{"start":{"line":49,"column":15},"end":{"line":61,"column":3}},"loc":{"start":{"line":49,"column":15},"end":{"line":61,"column":3}},"line":49},"6":{"name":"stop_liveview","decl":{"start":{"line":63,"column":15},"end":{"line":65,"column":3}},"loc":{"start":{"line":63,"column":15},"end":{"line":65,"column":3}},"line":63},"7":{"name":"status","decl":{"start":{"line":71,"column":15},"end":{"line":83,"column":3}},"loc":{"start":{"line":71,"column":15},"end":{"line":83,"column":3}},"line":71},"8":{"name":"get getFolder","decl":{"start":{"line":86,"column":2},"end":{"line":88,"column":3}},"loc":{"start":{"line":86,"column":2},"end":{"line":88,"column":3}},"line":86},"9":{"name":"resetIndex","decl":{"start":{"line":91,"column":9},"end":{"line":93,"column":3}},"loc":{"start":{"line":91,"column":9},"end":{"line":93,"column":3}},"line":91}},"f":{"0":1,"1":2,"2":0,"3":0,"4":1,"5":0,"6":0,"7":0,"8":0,"9":0}}
,"/home/wakugumi/Project/project-timestamp/src/drivers/process-queue.ts": {"path":"/home/wakugumi/Project/project-timestamp/src/drivers/process-queue.ts","all":false,"statementMap":{"0":{"start":{"line":1,"column":0},"end":{"line":1,"column":40}},"1":{"start":{"line":2,"column":0},"end":{"line":2,"column":0}},"2":{"start":{"line":3,"column":0},"end":{"line":3,"column":27}},"3":{"start":{"line":4,"column":0},"end":{"line":4,"column":42}},"4":{"start":{"line":5,"column":0},"end":{"line":5,"column":26}},"5":{"start":{"line":6,"column":0},"end":{"line":6,"column":74}},"6":{"start":{"line":7,"column":0},"end":{"line":7,"column":0}},"7":{"start":{"line":8,"column":0},"end":{"line":8,"column":5}},"8":{"start":{"line":9,"column":0},"end":{"line":9,"column":49}},"9":{"start":{"line":10,"column":0},"end":{"line":10,"column":51}},"10":{"start":{"line":11,"column":0},"end":{"line":11,"column":52}},"11":{"start":{"line":12,"column":0},"end":{"line":12,"column":5}},"12":{"start":{"line":13,"column":0},"end":{"line":13,"column":52}},"13":{"start":{"line":14,"column":0},"end":{"line":14,"column":45}},"14":{"start":{"line":15,"column":0},"end":{"line":15,"column":35}},"15":{"start":{"line":16,"column":0},"end":{"line":16,"column":13}},"16":{"start":{"line":17,"column":0},"end":{"line":17,"column":32}},"17":{"start":{"line":18,"column":0},"end":{"line":18,"column":23}},"18":{"start":{"line":19,"column":0},"end":{"line":19,"column":22}},"19":{"start":{"line":20,"column":0},"end":{"line":20,"column":19}},"20":{"start":{"line":21,"column":0},"end":{"line":21,"column":22}},"21":{"start":{"line":22,"column":0},"end":{"line":22,"column":9}},"22":{"start":{"line":23,"column":0},"end":{"line":23,"column":9}},"23":{"start":{"line":24,"column":0},"end":{"line":24,"column":0}},"24":{"start":{"line":25,"column":0},"end":{"line":25,"column":37}},"25":{"start":{"line":26,"column":0},"end":{"line":26,"column":7}},"26":{"start":{"line":27,"column":0},"end":{"line":27,"column":3}},"27":{"start":{"line":28,"column":0},"end":{"line":28,"column":0}},"28":{"start":{"line":29,"column":0},"end":{"line":29,"column":5}},"29":{"start":{"line":30,"column":0},"end":{"line":30,"column":40}},"30":{"start":{"line":31,"column":0},"end":{"line":31,"column":5}},"31":{"start":{"line":32,"column":0},"end":{"line":32,"column":24}},"32":{"start":{"line":33,"column":0},"end":{"line":33,"column":50}},"33":{"start":{"line":34,"column":0},"end":{"line":34,"column":27}},"34":{"start":{"line":35,"column":0},"end":{"line":35,"column":13}},"35":{"start":{"line":36,"column":0},"end":{"line":36,"column":5}},"36":{"start":{"line":37,"column":0},"end":{"line":37,"column":0}},"37":{"start":{"line":38,"column":0},"end":{"line":38,"column":24}},"38":{"start":{"line":39,"column":0},"end":{"line":39,"column":40}},"39":{"start":{"line":40,"column":0},"end":{"line":40,"column":0}},"40":{"start":{"line":41,"column":0},"end":{"line":41,"column":19}},"41":{"start":{"line":42,"column":0},"end":{"line":42,"column":11}},"42":{"start":{"line":43,"column":0},"end":{"line":43,"column":25}},"43":{"start":{"line":44,"column":0},"end":{"line":44,"column":17}},"44":{"start":{"line":45,"column":0},"end":{"line":45,"column":29}},"45":{"start":{"line":46,"column":0},"end":{"line":46,"column":35}},"46":{"start":{"line":47,"column":0},"end":{"line":47,"column":20}},"47":{"start":{"line":48,"column":0},"end":{"line":48,"column":7}},"48":{"start":{"line":49,"column":0},"end":{"line":49,"column":5}},"49":{"start":{"line":50,"column":0},"end":{"line":50,"column":3}},"50":{"start":{"line":51,"column":0},"end":{"line":51,"column":0}},"51":{"start":{"line":52,"column":0},"end":{"line":52,"column":47}},"52":{"start":{"line":53,"column":0},"end":{"line":53,"column":40}},"53":{"start":{"line":54,"column":0},"end":{"line":54,"column":3}},"54":{"start":{"line":55,"column":0},"end":{"line":55,"column":0}},"55":{"start":{"line":56,"column":0},"end":{"line":56,"column":17}},"56":{"start":{"line":57,"column":0},"end":{"line":57,"column":30}},"57":{"start":{"line":58,"column":0},"end":{"line":58,"column":33}},"58":{"start":{"line":59,"column":0},"end":{"line":59,"column":33}},"59":{"start":{"line":60,"column":0},"end":{"line":60,"column":5}},"60":{"start":{"line":61,"column":0},"end":{"line":61,"column":3}},"61":{"start":{"line":62,"column":0},"end":{"line":62,"column":0}},"62":{"start":{"line":63,"column":0},"end":{"line":63,"column":5}},"63":{"start":{"line":64,"column":0},"end":{"line":64,"column":41}},"64":{"start":{"line":65,"column":0},"end":{"line":65,"column":5}},"65":{"start":{"line":66,"column":0},"end":{"line":66,"column":31}},"66":{"start":{"line":67,"column":0},"end":{"line":67,"column":24}},"67":{"start":{"line":68,"column":0},"end":{"line":68,"column":3}},"68":{"start":{"line":69,"column":0},"end":{"line":69,"column":0}},"69":{"start":{"line":70,"column":0},"end":{"line":70,"column":30}},"70":{"start":{"line":71,"column":0},"end":{"line":71,"column":5}},"71":{"start":{"line":72,"column":0},"end":{"line":72,"column":24}},"72":{"start":{"line":73,"column":0},"end":{"line":73,"column":20}},"73":{"start":{"line":74,"column":0},"end":{"line":74,"column":25}},"74":{"start":{"line":75,"column":0},"end":{"line":75,"column":3}},"75":{"start":{"line":76,"column":0},"end":{"line":76,"column":1}}},"s":{"0":1,"1":1,"2":1,"3":1,"4":1,"5":1,"6":1,"7":1,"8":1,"9":1,"10":1,"11":1,"12":1,"13":1,"14":1,"15":1,"16":1,"17":1,"18":0,"19":1,"20":1,"21":1,"22":1,"23":1,"24":1,"25":1,"26":1,"27":1,"28":1,"29":1,"30":1,"31":1,"32":3,"33":2,"34":2,"35":2,"36":1,"37":1,"38":1,"39":1,"40":1,"41":1,"42":1,"43":1,"44":1,"45":1,"46":1,"47":1,"48":1,"49":3,"50":1,"51":1,"52":1,"53":1,"54":1,"55":1,"56":0,"57":0,"58":0,"59":0,"60":0,"61":1,"62":1,"63":1,"64":1,"65":1,"66":0,"67":0,"68":1,"69":1,"70":1,"71":1,"72":0,"73":0,"74":0,"75":1},"branchMap":{"0":{"type":"branch","line":3,"loc":{"start":{"line":3,"column":0},"end":{"line":76,"column":1}},"locations":[{"start":{"line":3,"column":0},"end":{"line":76,"column":1}}]},"1":{"type":"branch","line":13,"loc":{"start":{"line":13,"column":9},"end":{"line":27,"column":3}},"locations":[{"start":{"line":13,"column":9},"end":{"line":27,"column":3}}]},"2":{"type":"branch","line":14,"loc":{"start":{"line":14,"column":23},"end":{"line":26,"column":5}},"locations":[{"start":{"line":14,"column":23},"end":{"line":26,"column":5}}]},"3":{"type":"branch","line":15,"loc":{"start":{"line":15,"column":22},"end":{"line":23,"column":8}},"locations":[{"start":{"line":15,"column":22},"end":{"line":23,"column":8}}]},"4":{"type":"branch","line":15,"loc":{"start":{"line":15,"column":33},"end":{"line":23,"column":7}},"locations":[{"start":{"line":15,"column":33},"end":{"line":23,"column":7}}]},"5":{"type":"branch","line":18,"loc":{"start":{"line":18,"column":10},"end":{"line":20,"column":18}},"locations":[{"start":{"line":18,"column":10},"end":{"line":20,"column":18}}]},"6":{"type":"branch","line":32,"loc":{"start":{"line":32,"column":16},"end":{"line":50,"column":3}},"locations":[{"start":{"line":32,"column":16},"end":{"line":50,"column":3}}]},"7":{"type":"branch","line":33,"loc":{"start":{"line":33,"column":20},"end":{"line":33,"column":47}},"locations":[{"start":{"line":33,"column":20},"end":{"line":33,"column":47}}]},"8":{"type":"branch","line":33,"loc":{"start":{"line":33,"column":49},"end":{"line":36,"column":5}},"locations":[{"start":{"line":33,"column":49},"end":{"line":36,"column":5}}]},"9":{"type":"branch","line":37,"loc":{"start":{"line":37,"column":-1},"end":{"line":49,"column":5}},"locations":[{"start":{"line":37,"column":-1},"end":{"line":49,"column":5}}]},"10":{"type":"branch","line":52,"loc":{"start":{"line":52,"column":2},"end":{"line":54,"column":3}},"locations":[{"start":{"line":52,"column":2},"end":{"line":54,"column":3}}]}},"b":{"0":[1],"1":[1],"2":[1],"3":[1],"4":[1],"5":[0],"6":[3],"7":[2],"8":[2],"9":[1],"10":[1]},"fnMap":{"0":{"name":"ProcessQueue","decl":{"start":{"line":3,"column":0},"end":{"line":76,"column":1}},"loc":{"start":{"line":3,"column":0},"end":{"line":76,"column":1}},"line":3},"1":{"name":"add","decl":{"start":{"line":13,"column":9},"end":{"line":27,"column":3}},"loc":{"start":{"line":13,"column":9},"end":{"line":27,"column":3}},"line":13},"2":{"name":"next","decl":{"start":{"line":32,"column":16},"end":{"line":50,"column":3}},"loc":{"start":{"line":32,"column":16},"end":{"line":50,"column":3}},"line":32},"3":{"name":"trackProcess","decl":{"start":{"line":52,"column":2},"end":{"line":54,"column":3}},"loc":{"start":{"line":52,"column":2},"end":{"line":54,"column":3}},"line":52},"4":{"name":"killCurrent","decl":{"start":{"line":56,"column":2},"end":{"line":61,"column":3}},"loc":{"start":{"line":56,"column":2},"end":{"line":61,"column":3}},"line":56},"5":{"name":"isRunning","decl":{"start":{"line":66,"column":9},"end":{"line":68,"column":3}},"loc":{"start":{"line":66,"column":9},"end":{"line":68,"column":3}},"line":66},"6":{"name":"clear","decl":{"start":{"line":72,"column":9},"end":{"line":75,"column":3}},"loc":{"start":{"line":72,"column":9},"end":{"line":75,"column":3}},"line":72}},"f":{"0":1,"1":1,"2":3,"3":1,"4":0,"5":0,"6":0}}
,"/home/wakugumi/Project/project-timestamp/src/drivers/system-driver.ts": {"path":"/home/wakugumi/Project/project-timestamp/src/drivers/system-driver.ts","all":false,"statementMap":{"0":{"start":{"line":1,"column":0},"end":{"line":1,"column":75}},"1":{"start":{"line":2,"column":0},"end":{"line":2,"column":47}},"2":{"start":{"line":3,"column":0},"end":{"line":3,"column":0}},"3":{"start":{"line":4,"column":0},"end":{"line":4,"column":35}},"4":{"start":{"line":5,"column":0},"end":{"line":5,"column":50}},"5":{"start":{"line":6,"column":0},"end":{"line":6,"column":0}},"6":{"start":{"line":7,"column":0},"end":{"line":7,"column":24}},"7":{"start":{"line":8,"column":0},"end":{"line":8,"column":20}},"8":{"start":{"line":9,"column":0},"end":{"line":9,"column":19}},"9":{"start":{"line":10,"column":0},"end":{"line":10,"column":60}},"10":{"start":{"line":11,"column":0},"end":{"line":11,"column":5}},"11":{"start":{"line":12,"column":0},"end":{"line":12,"column":26}},"12":{"start":{"line":13,"column":0},"end":{"line":13,"column":11}},"13":{"start":{"line":14,"column":0},"end":{"line":14,"column":42}},"14":{"start":{"line":15,"column":0},"end":{"line":15,"column":79}},"15":{"start":{"line":16,"column":0},"end":{"line":16,"column":0}},"16":{"start":{"line":17,"column":0},"end":{"line":17,"column":26}},"17":{"start":{"line":18,"column":0},"end":{"line":18,"column":26}},"18":{"start":{"line":19,"column":0},"end":{"line":19,"column":0}},"19":{"start":{"line":20,"column":0},"end":{"line":20,"column":47}},"20":{"start":{"line":21,"column":0},"end":{"line":21,"column":27}},"21":{"start":{"line":22,"column":0},"end":{"line":22,"column":43}},"22":{"start":{"line":23,"column":0},"end":{"line":23,"column":13}},"23":{"start":{"line":24,"column":0},"end":{"line":24,"column":0}},"24":{"start":{"line":25,"column":0},"end":{"line":25,"column":41}},"25":{"start":{"line":26,"column":0},"end":{"line":26,"column":51}},"26":{"start":{"line":27,"column":0},"end":{"line":27,"column":16}},"27":{"start":{"line":28,"column":0},"end":{"line":28,"column":21}},"28":{"start":{"line":29,"column":0},"end":{"line":29,"column":26}},"29":{"start":{"line":30,"column":0},"end":{"line":30,"column":78}},"30":{"start":{"line":31,"column":0},"end":{"line":31,"column":18}},"31":{"start":{"line":32,"column":0},"end":{"line":32,"column":16}},"32":{"start":{"line":33,"column":0},"end":{"line":33,"column":13}},"33":{"start":{"line":34,"column":0},"end":{"line":34,"column":0}},"34":{"start":{"line":35,"column":0},"end":{"line":35,"column":40}},"35":{"start":{"line":36,"column":0},"end":{"line":36,"column":75}},"36":{"start":{"line":37,"column":0},"end":{"line":37,"column":13}},"37":{"start":{"line":38,"column":0},"end":{"line":38,"column":0}},"38":{"start":{"line":39,"column":0},"end":{"line":39,"column":69}},"39":{"start":{"line":40,"column":0},"end":{"line":40,"column":11}},"40":{"start":{"line":41,"column":0},"end":{"line":41,"column":6}},"41":{"start":{"line":42,"column":0},"end":{"line":42,"column":3}},"42":{"start":{"line":43,"column":0},"end":{"line":43,"column":0}},"43":{"start":{"line":44,"column":0},"end":{"line":44,"column":5}},"44":{"start":{"line":45,"column":0},"end":{"line":45,"column":46}},"45":{"start":{"line":46,"column":0},"end":{"line":46,"column":5}},"46":{"start":{"line":47,"column":0},"end":{"line":47,"column":29}},"47":{"start":{"line":48,"column":0},"end":{"line":48,"column":29}},"48":{"start":{"line":49,"column":0},"end":{"line":49,"column":3}},"49":{"start":{"line":50,"column":0},"end":{"line":50,"column":1}}},"s":{"0":1,"1":1,"2":1,"3":1,"4":1,"5":1,"6":1,"7":1,"8":1,"9":1,"10":1,"11":1,"12":1,"13":1,"14":1,"15":1,"16":1,"17":1,"18":1,"19":1,"20":2,"21":2,"22":1,"23":1,"24":1,"25":1,"26":0,"27":0,"28":0,"29":0,"30":0,"31":0,"32":1,"33":1,"34":1,"35":0,"36":1,"37":1,"38":1,"39":1,"40":1,"41":1,"42":1,"43":1,"44":1,"45":1,"46":1,"47":0,"48":0,"49":1},"branchMap":{"0":{"type":"branch","line":7,"loc":{"start":{"line":7,"column":16},"end":{"line":42,"column":3}},"locations":[{"start":{"line":7,"column":16},"end":{"line":42,"column":3}}]},"1":{"type":"branch","line":13,"loc":{"start":{"line":13,"column":6},"end":{"line":40,"column":10}},"locations":[{"start":{"line":13,"column":6},"end":{"line":40,"column":10}}]},"2":{"type":"branch","line":14,"loc":{"start":{"line":14,"column":20},"end":{"line":40,"column":9}},"locations":[{"start":{"line":14,"column":20},"end":{"line":40,"column":9}}]},"3":{"type":"branch","line":20,"loc":{"start":{"line":20,"column":36},"end":{"line":23,"column":11}},"locations":[{"start":{"line":20,"column":36},"end":{"line":23,"column":11}}]},"4":{"type":"branch","line":22,"loc":{"start":{"line":22,"column":24},"end":{"line":22,"column":42}},"locations":[{"start":{"line":22,"column":24},"end":{"line":22,"column":42}}]},"5":{"type":"branch","line":25,"loc":{"start":{"line":25,"column":30},"end":{"line":33,"column":11}},"locations":[{"start":{"line":25,"column":30},"end":{"line":33,"column":11}}]},"6":{"type":"branch","line":27,"loc":{"start":{"line":27,"column":-1},"end":{"line":32,"column":16}},"locations":[{"start":{"line":27,"column":-1},"end":{"line":32,"column":16}}]}},"b":{"0":[1],"1":[1],"2":[1],"3":[2],"4":[0],"5":[1],"6":[0]},"fnMap":{"0":{"name":"execute","decl":{"start":{"line":7,"column":16},"end":{"line":42,"column":3}},"loc":{"start":{"line":7,"column":16},"end":{"line":42,"column":3}},"line":7},"1":{"name":"forceStop","decl":{"start":{"line":47,"column":16},"end":{"line":49,"column":3}},"loc":{"start":{"line":47,"column":16},"end":{"line":49,"column":3}},"line":47}},"f":{"0":1,"1":0}}
,"/home/wakugumi/Project/project-timestamp/src/services/camera-service.ts": {"path":"/home/wakugumi/Project/project-timestamp/src/services/camera-service.ts","all":false,"statementMap":{"0":{"start":{"line":1,"column":0},"end":{"line":1,"column":56}},"1":{"start":{"line":2,"column":0},"end":{"line":2,"column":48}},"2":{"start":{"line":3,"column":0},"end":{"line":3,"column":34}},"3":{"start":{"line":4,"column":0},"end":{"line":4,"column":0}},"4":{"start":{"line":5,"column":0},"end":{"line":5,"column":36}},"5":{"start":{"line":6,"column":0},"end":{"line":6,"column":40}},"6":{"start":{"line":7,"column":0},"end":{"line":7,"column":54}},"7":{"start":{"line":8,"column":0},"end":{"line":8,"column":0}},"8":{"start":{"line":9,"column":0},"end":{"line":9,"column":46}},"9":{"start":{"line":10,"column":0},"end":{"line":10,"column":33}},"10":{"start":{"line":11,"column":0},"end":{"line":11,"column":9}},"11":{"start":{"line":12,"column":0},"end":{"line":12,"column":34}},"12":{"start":{"line":13,"column":0},"end":{"line":13,"column":21}},"13":{"start":{"line":14,"column":0},"end":{"line":14,"column":18}},"14":{"start":{"line":15,"column":0},"end":{"line":15,"column":5}},"15":{"start":{"line":16,"column":0},"end":{"line":16,"column":3}},"16":{"start":{"line":17,"column":0},"end":{"line":17,"column":0}},"17":{"start":{"line":18,"column":0},"end":{"line":18,"column":55}},"18":{"start":{"line":19,"column":0},"end":{"line":19,"column":32}},"19":{"start":{"line":20,"column":0},"end":{"line":20,"column":9}},"20":{"start":{"line":21,"column":0},"end":{"line":21,"column":46}},"21":{"start":{"line":22,"column":0},"end":{"line":22,"column":20}},"22":{"start":{"line":23,"column":0},"end":{"line":23,"column":21}},"23":{"start":{"line":24,"column":0},"end":{"line":24,"column":18}},"24":{"start":{"line":25,"column":0},"end":{"line":25,"column":5}},"25":{"start":{"line":26,"column":0},"end":{"line":26,"column":3}},"26":{"start":{"line":27,"column":0},"end":{"line":27,"column":0}},"27":{"start":{"line":28,"column":0},"end":{"line":28,"column":61}},"28":{"start":{"line":29,"column":0},"end":{"line":29,"column":33}},"29":{"start":{"line":30,"column":0},"end":{"line":30,"column":51}},"30":{"start":{"line":31,"column":0},"end":{"line":31,"column":23}},"31":{"start":{"line":32,"column":0},"end":{"line":32,"column":66}},"32":{"start":{"line":33,"column":0},"end":{"line":33,"column":0}},"33":{"start":{"line":34,"column":0},"end":{"line":34,"column":30}},"34":{"start":{"line":35,"column":0},"end":{"line":35,"column":26}},"35":{"start":{"line":36,"column":0},"end":{"line":36,"column":41}},"36":{"start":{"line":37,"column":0},"end":{"line":37,"column":46}},"37":{"start":{"line":38,"column":0},"end":{"line":38,"column":57}},"38":{"start":{"line":39,"column":0},"end":{"line":39,"column":26}},"39":{"start":{"line":40,"column":0},"end":{"line":40,"column":33}},"40":{"start":{"line":41,"column":0},"end":{"line":41,"column":20}},"41":{"start":{"line":42,"column":0},"end":{"line":42,"column":27}},"42":{"start":{"line":43,"column":0},"end":{"line":43,"column":13}},"43":{"start":{"line":44,"column":0},"end":{"line":44,"column":13}},"44":{"start":{"line":45,"column":0},"end":{"line":45,"column":10}},"45":{"start":{"line":46,"column":0},"end":{"line":46,"column":41}},"46":{"start":{"line":47,"column":0},"end":{"line":47,"column":0}},"47":{"start":{"line":48,"column":0},"end":{"line":48,"column":30}},"48":{"start":{"line":49,"column":0},"end":{"line":49,"column":46}},"49":{"start":{"line":50,"column":0},"end":{"line":50,"column":7}},"50":{"start":{"line":51,"column":0},"end":{"line":51,"column":3}},"51":{"start":{"line":52,"column":0},"end":{"line":52,"column":1}}},"s":{"0":1,"1":1,"2":1,"3":1,"4":1,"5":1,"6":1,"7":1,"8":1,"9":1,"10":0,"11":0,"12":0,"13":0,"14":0,"15":0,"16":1,"17":1,"18":1,"19":0,"20":0,"21":0,"22":0,"23":0,"24":0,"25":0,"26":1,"27":1,"28":1,"29":1,"30":1,"31":1,"32":1,"33":1,"34":1,"35":1,"36":1,"37":1,"38":0,"39":0,"40":0,"41":0,"42":0,"43":1,"44":1,"45":1,"46":1,"47":1,"48":1,"49":1,"50":1,"51":1},"branchMap":{"0":{"type":"branch","line":29,"loc":{"start":{"line":29,"column":22},"end":{"line":51,"column":3}},"locations":[{"start":{"line":29,"column":22},"end":{"line":51,"column":3}}]},"1":{"type":"branch","line":30,"loc":{"start":{"line":30,"column":23},"end":{"line":50,"column":6}},"locations":[{"start":{"line":30,"column":23},"end":{"line":50,"column":6}}]},"2":{"type":"branch","line":30,"loc":{"start":{"line":30,"column":49},"end":{"line":50,"column":5}},"locations":[{"start":{"line":30,"column":49},"end":{"line":50,"column":5}}]},"3":{"type":"branch","line":48,"loc":{"start":{"line":48,"column":16},"end":{"line":48,"column":30}},"locations":[{"start":{"line":48,"column":16},"end":{"line":48,"column":30}}]},"4":{"type":"branch","line":35,"loc":{"start":{"line":35,"column":14},"end":{"line":45,"column":9}},"locations":[{"start":{"line":35,"column":14},"end":{"line":45,"column":9}}]},"5":{"type":"branch","line":36,"loc":{"start":{"line":36,"column":24},"end":{"line":44,"column":12}},"locations":[{"start":{"line":36,"column":24},"end":{"line":44,"column":12}}]},"6":{"type":"branch","line":36,"loc":{"start":{"line":36,"column":39},"end":{"line":44,"column":11}},"locations":[{"start":{"line":36,"column":39},"end":{"line":44,"column":11}}]},"7":{"type":"branch","line":38,"loc":{"start":{"line":38,"column":-1},"end":{"line":38,"column":54}},"locations":[{"start":{"line":38,"column":-1},"end":{"line":38,"column":54}}]},"8":{"type":"branch","line":38,"loc":{"start":{"line":38,"column":56},"end":{"line":43,"column":13}},"locations":[{"start":{"line":38,"column":56},"end":{"line":43,"column":13}}]}},"b":{"0":[1],"1":[1],"2":[1],"3":[0],"4":[1],"5":[1],"6":[1],"7":[0],"8":[0]},"fnMap":{"0":{"name":"capture","decl":{"start":{"line":10,"column":22},"end":{"line":16,"column":3}},"loc":{"start":{"line":10,"column":22},"end":{"line":16,"column":3}},"line":10},"1":{"name":"status","decl":{"start":{"line":19,"column":22},"end":{"line":26,"column":3}},"loc":{"start":{"line":19,"column":22},"end":{"line":26,"column":3}},"line":19},"2":{"name":"checkup","decl":{"start":{"line":29,"column":22},"end":{"line":51,"column":3}},"loc":{"start":{"line":29,"column":22},"end":{"line":51,"column":3}},"line":29}},"f":{"0":0,"1":0,"2":1}}
,"/home/wakugumi/Project/project-timestamp/src/services/file-service.ts": {"path":"/home/wakugumi/Project/project-timestamp/src/services/file-service.ts","all":false,"statementMap":{"0":{"start":{"line":1,"column":0},"end":{"line":1,"column":43}},"1":{"start":{"line":2,"column":0},"end":{"line":2,"column":24}},"2":{"start":{"line":3,"column":0},"end":{"line":3,"column":0}},"3":{"start":{"line":4,"column":0},"end":{"line":4,"column":34}},"4":{"start":{"line":5,"column":0},"end":{"line":5,"column":31}},"5":{"start":{"line":6,"column":0},"end":{"line":6,"column":41}},"6":{"start":{"line":7,"column":0},"end":{"line":7,"column":43}},"7":{"start":{"line":8,"column":0},"end":{"line":8,"column":41}},"8":{"start":{"line":9,"column":0},"end":{"line":9,"column":4}},"9":{"start":{"line":10,"column":0},"end":{"line":10,"column":0}},"10":{"start":{"line":11,"column":0},"end":{"line":11,"column":33}},"11":{"start":{"line":12,"column":0},"end":{"line":12,"column":35}},"12":{"start":{"line":13,"column":0},"end":{"line":13,"column":3}},"13":{"start":{"line":14,"column":0},"end":{"line":14,"column":0}},"14":{"start":{"line":15,"column":0},"end":{"line":15,"column":34}},"15":{"start":{"line":16,"column":0},"end":{"line":16,"column":36}},"16":{"start":{"line":17,"column":0},"end":{"line":17,"column":3}},"17":{"start":{"line":18,"column":0},"end":{"line":18,"column":0}},"18":{"start":{"line":19,"column":0},"end":{"line":19,"column":33}},"19":{"start":{"line":20,"column":0},"end":{"line":20,"column":35}},"20":{"start":{"line":21,"column":0},"end":{"line":21,"column":3}},"21":{"start":{"line":22,"column":0},"end":{"line":22,"column":0}},"22":{"start":{"line":23,"column":0},"end":{"line":23,"column":33}},"23":{"start":{"line":24,"column":0},"end":{"line":24,"column":49}},"24":{"start":{"line":25,"column":0},"end":{"line":25,"column":3}},"25":{"start":{"line":26,"column":0},"end":{"line":26,"column":0}},"26":{"start":{"line":27,"column":0},"end":{"line":27,"column":34}},"27":{"start":{"line":28,"column":0},"end":{"line":28,"column":50}},"28":{"start":{"line":29,"column":0},"end":{"line":29,"column":3}},"29":{"start":{"line":30,"column":0},"end":{"line":30,"column":0}},"30":{"start":{"line":31,"column":0},"end":{"line":31,"column":5}},"31":{"start":{"line":32,"column":0},"end":{"line":32,"column":52}},"32":{"start":{"line":33,"column":0},"end":{"line":33,"column":5}},"33":{"start":{"line":34,"column":0},"end":{"line":34,"column":36}},"34":{"start":{"line":35,"column":0},"end":{"line":35,"column":49}},"35":{"start":{"line":36,"column":0},"end":{"line":36,"column":24}},"36":{"start":{"line":37,"column":0},"end":{"line":37,"column":34}},"37":{"start":{"line":38,"column":0},"end":{"line":38,"column":0}},"38":{"start":{"line":39,"column":0},"end":{"line":39,"column":33}},"39":{"start":{"line":40,"column":0},"end":{"line":40,"column":64}},"40":{"start":{"line":41,"column":0},"end":{"line":41,"column":11}},"41":{"start":{"line":42,"column":0},"end":{"line":42,"column":22}},"42":{"start":{"line":43,"column":0},"end":{"line":43,"column":8}},"43":{"start":{"line":44,"column":0},"end":{"line":44,"column":25}},"44":{"start":{"line":45,"column":0},"end":{"line":45,"column":20}},"45":{"start":{"line":46,"column":0},"end":{"line":46,"column":9}},"46":{"start":{"line":47,"column":0},"end":{"line":47,"column":3}},"47":{"start":{"line":48,"column":0},"end":{"line":48,"column":0}},"48":{"start":{"line":49,"column":0},"end":{"line":49,"column":5}},"49":{"start":{"line":50,"column":0},"end":{"line":50,"column":54}},"50":{"start":{"line":51,"column":0},"end":{"line":51,"column":5}},"51":{"start":{"line":52,"column":0},"end":{"line":52,"column":37}},"52":{"start":{"line":53,"column":0},"end":{"line":53,"column":50}},"53":{"start":{"line":54,"column":0},"end":{"line":54,"column":24}},"54":{"start":{"line":55,"column":0},"end":{"line":55,"column":34}},"55":{"start":{"line":56,"column":0},"end":{"line":56,"column":0}},"56":{"start":{"line":57,"column":0},"end":{"line":57,"column":33}},"57":{"start":{"line":58,"column":0},"end":{"line":58,"column":65}},"58":{"start":{"line":59,"column":0},"end":{"line":59,"column":11}},"59":{"start":{"line":60,"column":0},"end":{"line":60,"column":22}},"60":{"start":{"line":61,"column":0},"end":{"line":61,"column":8}},"61":{"start":{"line":62,"column":0},"end":{"line":62,"column":25}},"62":{"start":{"line":63,"column":0},"end":{"line":63,"column":20}},"63":{"start":{"line":64,"column":0},"end":{"line":64,"column":9}},"64":{"start":{"line":65,"column":0},"end":{"line":65,"column":3}},"65":{"start":{"line":66,"column":0},"end":{"line":66,"column":0}},"66":{"start":{"line":67,"column":0},"end":{"line":67,"column":36}},"67":{"start":{"line":68,"column":0},"end":{"line":68,"column":49}},"68":{"start":{"line":69,"column":0},"end":{"line":69,"column":24}},"69":{"start":{"line":70,"column":0},"end":{"line":70,"column":34}},"70":{"start":{"line":71,"column":0},"end":{"line":71,"column":0}},"71":{"start":{"line":72,"column":0},"end":{"line":72,"column":33}},"72":{"start":{"line":73,"column":0},"end":{"line":73,"column":64}},"73":{"start":{"line":74,"column":0},"end":{"line":74,"column":11}},"74":{"start":{"line":75,"column":0},"end":{"line":75,"column":22}},"75":{"start":{"line":76,"column":0},"end":{"line":76,"column":8}},"76":{"start":{"line":77,"column":0},"end":{"line":77,"column":25}},"77":{"start":{"line":78,"column":0},"end":{"line":78,"column":20}},"78":{"start":{"line":79,"column":0},"end":{"line":79,"column":9}},"79":{"start":{"line":80,"column":0},"end":{"line":80,"column":3}},"80":{"start":{"line":81,"column":0},"end":{"line":81,"column":1}}},"s":{"0":1,"1":1,"2":1,"3":1,"4":1,"5":1,"6":1,"7":1,"8":1,"9":1,"10":1,"11":1,"12":1,"13":1,"14":1,"15":2,"16":2,"17":1,"18":1,"19":1,"20":1,"21":1,"22":1,"23":0,"24":0,"25":1,"26":1,"27":0,"28":0,"29":1,"30":1,"31":1,"32":1,"33":1,"34":1,"35":1,"36":1,"37":1,"38":1,"39":2,"40":1,"41":1,"42":1,"43":1,"44":0,"45":1,"46":1,"47":1,"48":1,"49":1,"50":1,"51":1,"52":2,"53":2,"54":2,"55":2,"56":2,"57":2,"58":2,"59":2,"60":2,"61":2,"62":0,"63":2,"64":2,"65":1,"66":1,"67":1,"68":1,"69":1,"70":1,"71":1,"72":1,"73":1,"74":1,"75":1,"76":1,"77":0,"78":1,"79":1,"80":1},"branchMap":{"0":{"type":"branch","line":11,"loc":{"start":{"line":11,"column":15},"end":{"line":13,"column":3}},"locations":[{"start":{"line":11,"column":15},"end":{"line":13,"column":3}}]},"1":{"type":"branch","line":15,"loc":{"start":{"line":15,"column":15},"end":{"line":17,"column":3}},"locations":[{"start":{"line":15,"column":15},"end":{"line":17,"column":3}}]},"2":{"type":"branch","line":19,"loc":{"start":{"line":19,"column":15},"end":{"line":21,"column":3}},"locations":[{"start":{"line":19,"column":15},"end":{"line":21,"column":3}}]},"3":{"type":"branch","line":34,"loc":{"start":{"line":34,"column":22},"end":{"line":47,"column":3}},"locations":[{"start":{"line":34,"column":22},"end":{"line":47,"column":3}}]},"4":{"type":"branch","line":36,"loc":{"start":{"line":36,"column":12},"end":{"line":43,"column":7}},"locations":[{"start":{"line":36,"column":12},"end":{"line":43,"column":7}}]},"5":{"type":"branch","line":39,"loc":{"start":{"line":39,"column":22},"end":{"line":41,"column":9}},"locations":[{"start":{"line":39,"column":22},"end":{"line":41,"column":9}}]},"6":{"type":"branch","line":52,"loc":{"start":{"line":52,"column":22},"end":{"line":65,"column":3}},"locations":[{"start":{"line":52,"column":22},"end":{"line":65,"column":3}}]},"7":{"type":"branch","line":54,"loc":{"start":{"line":54,"column":12},"end":{"line":61,"column":7}},"locations":[{"start":{"line":54,"column":12},"end":{"line":61,"column":7}}]},"8":{"type":"branch","line":57,"loc":{"start":{"line":57,"column":22},"end":{"line":59,"column":9}},"locations":[{"start":{"line":57,"column":22},"end":{"line":59,"column":9}}]},"9":{"type":"branch","line":67,"loc":{"start":{"line":67,"column":22},"end":{"line":80,"column":3}},"locations":[{"start":{"line":67,"column":22},"end":{"line":80,"column":3}}]},"10":{"type":"branch","line":69,"loc":{"start":{"line":69,"column":12},"end":{"line":76,"column":7}},"locations":[{"start":{"line":69,"column":12},"end":{"line":76,"column":7}}]},"11":{"type":"branch","line":72,"loc":{"start":{"line":72,"column":22},"end":{"line":74,"column":9}},"locations":[{"start":{"line":72,"column":22},"end":{"line":74,"column":9}}]}},"b":{"0":[1],"1":[2],"2":[1],"3":[1],"4":[1],"5":[2],"6":[2],"7":[2],"8":[2],"9":[1],"10":[1],"11":[1]},"fnMap":{"0":{"name":"get exportDir","decl":{"start":{"line":11,"column":15},"end":{"line":13,"column":3}},"loc":{"start":{"line":11,"column":15},"end":{"line":13,"column":3}},"line":11},"1":{"name":"get captureDir","decl":{"start":{"line":15,"column":15},"end":{"line":17,"column":3}},"loc":{"start":{"line":15,"column":15},"end":{"line":17,"column":3}},"line":15},"2":{"name":"get motionDir","decl":{"start":{"line":19,"column":15},"end":{"line":21,"column":3}},"loc":{"start":{"line":19,"column":15},"end":{"line":21,"column":3}},"line":19},"3":{"name":"get printPath","decl":{"start":{"line":23,"column":15},"end":{"line":25,"column":3}},"loc":{"start":{"line":23,"column":15},"end":{"line":25,"column":3}},"line":23},"4":{"name":"get canvasPath","decl":{"start":{"line":27,"column":15},"end":{"line":29,"column":3}},"loc":{"start":{"line":27,"column":15},"end":{"line":29,"column":3}},"line":27},"5":{"name":"getExports","decl":{"start":{"line":34,"column":22},"end":{"line":47,"column":3}},"loc":{"start":{"line":34,"column":22},"end":{"line":47,"column":3}},"line":34},"6":{"name":"getCaptures","decl":{"start":{"line":52,"column":22},"end":{"line":65,"column":3}},"loc":{"start":{"line":52,"column":22},"end":{"line":65,"column":3}},"line":52},"7":{"name":"getMotions","decl":{"start":{"line":67,"column":22},"end":{"line":80,"column":3}},"loc":{"start":{"line":67,"column":22},"end":{"line":80,"column":3}},"line":67}},"f":{"0":1,"1":2,"2":1,"3":0,"4":0,"5":1,"6":2,"7":1}}
}
