TN:
SF:src/drivers/camera-driver.ts
FN:11,CameraDriver
FN:16,capture
FN:20,get capture_movie
FN:24,get status
FN:32,capture
FN:49,start_liveview
FN:63,stop_liveview
FN:71,status
FN:86,get getFolder
FN:91,resetIndex
FNF:10
FNH:3
FNDA:1,CameraDriver
FNDA:2,capture
FNDA:0,get capture_movie
FNDA:0,get status
FNDA:1,capture
FNDA:0,start_liveview
FNDA:0,stop_liveview
FNDA:0,status
FNDA:0,get getFolder
FNDA:0,resetIndex
DA:1,1
DA:2,1
DA:3,1
DA:4,1
DA:5,1
DA:6,1
DA:7,1
DA:8,1
DA:9,1
DA:10,1
DA:11,1
DA:12,1
DA:13,1
DA:14,1
DA:15,1
DA:16,1
DA:17,2
DA:18,1
DA:19,1
DA:20,1
DA:21,0
DA:22,1
DA:23,1
DA:24,1
DA:25,0
DA:26,1
DA:27,1
DA:28,1
DA:29,1
DA:30,1
DA:31,1
DA:32,1
DA:33,1
DA:34,1
DA:35,1
DA:36,1
DA:37,1
DA:38,1
DA:39,1
DA:40,1
DA:41,0
DA:42,0
DA:43,1
DA:44,1
DA:45,1
DA:46,1
DA:47,1
DA:48,1
DA:49,1
DA:50,0
DA:51,0
DA:52,0
DA:53,0
DA:54,0
DA:55,0
DA:56,0
DA:57,0
DA:58,0
DA:59,0
DA:60,0
DA:61,0
DA:62,1
DA:63,1
DA:64,0
DA:65,0
DA:66,1
DA:67,1
DA:68,1
DA:69,1
DA:70,1
DA:71,1
DA:72,0
DA:73,0
DA:74,0
DA:75,0
DA:76,0
DA:77,0
DA:78,0
DA:79,0
DA:80,0
DA:81,0
DA:82,0
DA:83,0
DA:84,1
DA:85,1
DA:86,1
DA:87,0
DA:88,0
DA:89,1
DA:90,1
DA:91,1
DA:92,0
DA:93,0
DA:94,1
LF:94
LH:60
BRDA:11,0,0,1
BRDA:16,1,0,2
BRDA:32,2,0,1
BRDA:40,3,0,0
BRF:4
BRH:3
end_of_record
TN:
SF:src/drivers/process-queue.ts
FN:3,ProcessQueue
FN:13,add
FN:32,next
FN:52,trackProcess
FN:56,killCurrent
FN:66,isRunning
FN:72,clear
FNF:7
FNH:4
FNDA:1,ProcessQueue
FNDA:1,add
FNDA:3,next
FNDA:1,trackProcess
FNDA:0,killCurrent
FNDA:0,isRunning
FNDA:0,clear
DA:1,1
DA:2,1
DA:3,1
DA:4,1
DA:5,1
DA:6,1
DA:7,1
DA:8,1
DA:9,1
DA:10,1
DA:11,1
DA:12,1
DA:13,1
DA:14,1
DA:15,1
DA:16,1
DA:17,1
DA:18,1
DA:19,0
DA:20,1
DA:21,1
DA:22,1
DA:23,1
DA:24,1
DA:25,1
DA:26,1
DA:27,1
DA:28,1
DA:29,1
DA:30,1
DA:31,1
DA:32,1
DA:33,3
DA:34,2
DA:35,2
DA:36,2
DA:37,1
DA:38,1
DA:39,1
DA:40,1
DA:41,1
DA:42,1
DA:43,1
DA:44,1
DA:45,1
DA:46,1
DA:47,1
DA:48,1
DA:49,1
DA:50,3
DA:51,1
DA:52,1
DA:53,1
DA:54,1
DA:55,1
DA:56,1
DA:57,0
DA:58,0
DA:59,0
DA:60,0
DA:61,0
DA:62,1
DA:63,1
DA:64,1
DA:65,1
DA:66,1
DA:67,0
DA:68,0
DA:69,1
DA:70,1
DA:71,1
DA:72,1
DA:73,0
DA:74,0
DA:75,0
DA:76,1
LF:76
LH:65
BRDA:3,0,0,1
BRDA:13,1,0,1
BRDA:14,2,0,1
BRDA:15,3,0,1
BRDA:15,4,0,1
BRDA:18,5,0,0
BRDA:32,6,0,3
BRDA:33,7,0,2
BRDA:33,8,0,2
BRDA:37,9,0,1
BRDA:52,10,0,1
BRF:11
BRH:10
end_of_record
TN:
SF:src/drivers/system-driver.ts
FN:7,execute
FN:47,forceStop
FNF:2
FNH:1
FNDA:1,execute
FNDA:0,forceStop
DA:1,1
DA:2,1
DA:3,1
DA:4,1
DA:5,1
DA:6,1
DA:7,1
DA:8,1
DA:9,1
DA:10,1
DA:11,1
DA:12,1
DA:13,1
DA:14,1
DA:15,1
DA:16,1
DA:17,1
DA:18,1
DA:19,1
DA:20,1
DA:21,2
DA:22,2
DA:23,1
DA:24,1
DA:25,1
DA:26,1
DA:27,0
DA:28,0
DA:29,0
DA:30,0
DA:31,0
DA:32,0
DA:33,1
DA:34,1
DA:35,1
DA:36,0
DA:37,1
DA:38,1
DA:39,1
DA:40,1
DA:41,1
DA:42,1
DA:43,1
DA:44,1
DA:45,1
DA:46,1
DA:47,1
DA:48,0
DA:49,0
DA:50,1
LF:50
LH:41
BRDA:7,0,0,1
BRDA:13,1,0,1
BRDA:14,2,0,1
BRDA:20,3,0,2
BRDA:22,4,0,0
BRDA:25,5,0,1
BRDA:27,6,0,0
BRF:7
BRH:5
end_of_record
TN:
SF:src/services/camera-service.ts
FN:10,capture
FN:19,status
FN:29,checkup
FNF:3
FNH:1
FNDA:0,capture
FNDA:0,status
FNDA:1,checkup
DA:1,1
DA:2,1
DA:3,1
DA:4,1
DA:5,1
DA:6,1
DA:7,1
DA:8,1
DA:9,1
DA:10,1
DA:11,0
DA:12,0
DA:13,0
DA:14,0
DA:15,0
DA:16,0
DA:17,1
DA:18,1
DA:19,1
DA:20,0
DA:21,0
DA:22,0
DA:23,0
DA:24,0
DA:25,0
DA:26,0
DA:27,1
DA:28,1
DA:29,1
DA:30,1
DA:31,1
DA:32,1
DA:33,1
DA:34,1
DA:35,1
DA:36,1
DA:37,1
DA:38,1
DA:39,1
DA:40,0
DA:41,1
DA:42,1
DA:43,0
DA:44,0
DA:45,1
DA:46,1
LF:46
LH:30
BRDA:29,0,0,1
BRDA:42,1,0,0
BRDA:35,2,0,1
BRDA:35,3,0,1
BRDA:40,4,0,0
BRF:5
BRH:3
end_of_record
TN:
SF:src/services/file-service.ts
FN:11,get exportDir
FN:15,get captureDir
FN:19,get motionDir
FN:26,getExports
FN:44,getCaptures
FN:59,getMotions
FNF:6
FNH:6
FNDA:1,get exportDir
FNDA:2,get captureDir
FNDA:1,get motionDir
FNDA:1,getExports
FNDA:3,getCaptures
FNDA:1,getMotions
DA:1,1
DA:2,1
DA:3,1
DA:4,1
DA:5,1
DA:6,1
DA:7,1
DA:8,1
DA:9,1
DA:10,1
DA:11,1
DA:12,1
DA:13,1
DA:14,1
DA:15,1
DA:16,2
DA:17,2
DA:18,1
DA:19,1
DA:20,1
DA:21,1
DA:22,1
DA:23,1
DA:24,1
DA:25,1
DA:26,1
DA:27,1
DA:28,1
DA:29,1
DA:30,1
DA:31,1
DA:32,1
DA:33,1
DA:34,1
DA:35,1
DA:36,1
DA:37,0
DA:38,1
DA:39,1
DA:40,1
DA:41,1
DA:42,1
DA:43,1
DA:44,1
DA:45,3
DA:46,3
DA:47,3
DA:48,3
DA:49,3
DA:50,3
DA:51,3
DA:52,3
DA:53,3
DA:54,3
DA:55,0
DA:56,3
DA:57,3
DA:58,1
DA:59,1
DA:60,1
DA:61,1
DA:62,1
DA:63,1
DA:64,1
DA:65,1
DA:66,1
DA:67,1
DA:68,1
DA:69,1
DA:70,0
DA:71,1
DA:72,1
DA:73,1
LF:73
LH:70
BRDA:11,0,0,1
BRDA:15,1,0,2
BRDA:19,2,0,1
BRDA:26,3,0,1
BRDA:28,4,0,1
BRDA:31,5,0,1
BRDA:44,6,0,3
BRDA:46,7,0,3
BRDA:49,8,0,3
BRDA:59,9,0,1
BRDA:61,10,0,1
BRDA:64,11,0,1
BRF:12
BRH:12
end_of_record
