TN:
SF:src/drivers/camera-driver.ts
FN:11,CameraDriver
FN:16,capture
FN:20,get capture_movie
FN:24,get status
FN:32,capture
FN:49,start_liveview
FN:63,stop_liveview
FN:71,status
FN:86,get getFolder
FN:91,resetIndex
FNF:10
FNH:3
FNDA:1,CameraDriver
FNDA:2,capture
FNDA:0,get capture_movie
FNDA:0,get status
FNDA:1,capture
FNDA:0,start_liveview
FNDA:0,stop_liveview
FNDA:0,status
FNDA:0,get getFolder
FNDA:0,resetIndex
DA:1,1
DA:2,1
DA:3,1
DA:4,1
DA:5,1
DA:6,1
DA:7,1
DA:8,1
DA:9,1
DA:10,1
DA:11,1
DA:12,1
DA:13,1
DA:14,1
DA:15,1
DA:16,1
DA:17,2
DA:18,1
DA:19,1
DA:20,1
DA:21,0
DA:22,1
DA:23,1
DA:24,1
DA:25,0
DA:26,1
DA:27,1
DA:28,1
DA:29,1
DA:30,1
DA:31,1
DA:32,1
DA:33,1
DA:34,1
DA:35,1
DA:36,1
DA:37,1
DA:38,1
DA:39,1
DA:40,1
DA:41,0
DA:42,0
DA:43,1
DA:44,1
DA:45,1
DA:46,1
DA:47,1
DA:48,1
DA:49,1
DA:50,0
DA:51,0
DA:52,0
DA:53,0
DA:54,0
DA:55,0
DA:56,0
DA:57,0
DA:58,0
DA:59,0
DA:60,0
DA:61,0
DA:62,1
DA:63,1
DA:64,0
DA:65,0
DA:66,1
DA:67,1
DA:68,1
DA:69,1
DA:70,1
DA:71,1
DA:72,0
DA:73,0
DA:74,0
DA:75,0
DA:76,0
DA:77,0
DA:78,0
DA:79,0
DA:80,0
DA:81,0
DA:82,0
DA:83,0
DA:84,1
DA:85,1
DA:86,1
DA:87,0
DA:88,0
DA:89,1
DA:90,1
DA:91,1
DA:92,0
DA:93,0
DA:94,1
LF:94
LH:60
BRDA:11,0,0,1
BRDA:16,1,0,2
BRDA:32,2,0,1
BRDA:40,3,0,0
BRF:4
BRH:3
end_of_record
TN:
SF:src/drivers/process-queue.ts
FN:3,ProcessQueue
FN:13,add
FN:32,next
FN:52,trackProcess
FN:56,killCurrent
FN:66,isRunning
FN:72,clear
FNF:7
FNH:4
FNDA:1,ProcessQueue
FNDA:1,add
FNDA:3,next
FNDA:1,trackProcess
FNDA:0,killCurrent
FNDA:0,isRunning
FNDA:0,clear
DA:1,1
DA:2,1
DA:3,1
DA:4,1
DA:5,1
DA:6,1
DA:7,1
DA:8,1
DA:9,1
DA:10,1
DA:11,1
DA:12,1
DA:13,1
DA:14,1
DA:15,1
DA:16,1
DA:17,1
DA:18,1
DA:19,0
DA:20,1
DA:21,1
DA:22,1
DA:23,1
DA:24,1
DA:25,1
DA:26,1
DA:27,1
DA:28,1
DA:29,1
DA:30,1
DA:31,1
DA:32,1
DA:33,3
DA:34,2
DA:35,2
DA:36,2
DA:37,1
DA:38,1
DA:39,1
DA:40,1
DA:41,1
DA:42,1
DA:43,1
DA:44,1
DA:45,1
DA:46,1
DA:47,1
DA:48,1
DA:49,1
DA:50,3
DA:51,1
DA:52,1
DA:53,1
DA:54,1
DA:55,1
DA:56,1
DA:57,0
DA:58,0
DA:59,0
DA:60,0
DA:61,0
DA:62,1
DA:63,1
DA:64,1
DA:65,1
DA:66,1
DA:67,0
DA:68,0
DA:69,1
DA:70,1
DA:71,1
DA:72,1
DA:73,0
DA:74,0
DA:75,0
DA:76,1
LF:76
LH:65
BRDA:3,0,0,1
BRDA:13,1,0,1
BRDA:14,2,0,1
BRDA:15,3,0,1
BRDA:15,4,0,1
BRDA:18,5,0,0
BRDA:32,6,0,3
BRDA:33,7,0,2
BRDA:33,8,0,2
BRDA:37,9,0,1
BRDA:52,10,0,1
BRF:11
BRH:10
end_of_record
TN:
SF:src/drivers/system-driver.ts
FN:7,execute
FN:47,forceStop
FNF:2
FNH:1
FNDA:1,execute
FNDA:0,forceStop
DA:1,1
DA:2,1
DA:3,1
DA:4,1
DA:5,1
DA:6,1
DA:7,1
DA:8,1
DA:9,1
DA:10,1
DA:11,1
DA:12,1
DA:13,1
DA:14,1
DA:15,1
DA:16,1
DA:17,1
DA:18,1
DA:19,1
DA:20,1
DA:21,2
DA:22,2
DA:23,1
DA:24,1
DA:25,1
DA:26,1
DA:27,0
DA:28,0
DA:29,0
DA:30,0
DA:31,0
DA:32,0
DA:33,1
DA:34,1
DA:35,1
DA:36,0
DA:37,1
DA:38,1
DA:39,1
DA:40,1
DA:41,1
DA:42,1
DA:43,1
DA:44,1
DA:45,1
DA:46,1
DA:47,1
DA:48,0
DA:49,0
DA:50,1
LF:50
LH:41
BRDA:7,0,0,1
BRDA:13,1,0,1
BRDA:14,2,0,1
BRDA:20,3,0,2
BRDA:22,4,0,0
BRDA:25,5,0,1
BRDA:27,6,0,0
BRF:7
BRH:5
end_of_record
TN:
SF:src/services/camera-service.ts
FN:10,capture
FN:19,status
FN:29,checkup
FNF:3
FNH:1
FNDA:0,capture
FNDA:0,status
FNDA:1,checkup
DA:1,1
DA:2,1
DA:3,1
DA:4,1
DA:5,1
DA:6,1
DA:7,1
DA:8,1
DA:9,1
DA:10,1
DA:11,0
DA:12,0
DA:13,0
DA:14,0
DA:15,0
DA:16,0
DA:17,1
DA:18,1
DA:19,1
DA:20,0
DA:21,0
DA:22,0
DA:23,0
DA:24,0
DA:25,0
DA:26,0
DA:27,1
DA:28,1
DA:29,1
DA:30,1
DA:31,1
DA:32,1
DA:33,1
DA:34,1
DA:35,1
DA:36,1
DA:37,1
DA:38,1
DA:39,0
DA:40,0
DA:41,0
DA:42,0
DA:43,0
DA:44,1
DA:45,1
DA:46,1
DA:47,1
DA:48,1
DA:49,1
DA:50,1
DA:51,1
DA:52,1
LF:52
LH:34
BRDA:29,0,0,1
BRDA:30,1,0,1
BRDA:30,2,0,1
BRDA:48,3,0,0
BRDA:35,4,0,1
BRDA:36,5,0,1
BRDA:36,6,0,1
BRDA:38,7,0,0
BRDA:38,8,0,0
BRF:9
BRH:6
end_of_record
TN:
SF:src/services/file-service.ts
FN:11,get exportDir
FN:15,get captureDir
FN:19,get motionDir
FN:23,get printPath
FN:27,get canvasPath
FN:34,getExports
FN:52,getCaptures
FN:67,getMotions
FNF:8
FNH:6
FNDA:1,get exportDir
FNDA:2,get captureDir
FNDA:1,get motionDir
FNDA:0,get printPath
FNDA:0,get canvasPath
FNDA:1,getExports
FNDA:2,getCaptures
FNDA:1,getMotions
DA:1,1
DA:2,1
DA:3,1
DA:4,1
DA:5,1
DA:6,1
DA:7,1
DA:8,1
DA:9,1
DA:10,1
DA:11,1
DA:12,1
DA:13,1
DA:14,1
DA:15,1
DA:16,2
DA:17,2
DA:18,1
DA:19,1
DA:20,1
DA:21,1
DA:22,1
DA:23,1
DA:24,0
DA:25,0
DA:26,1
DA:27,1
DA:28,0
DA:29,0
DA:30,1
DA:31,1
DA:32,1
DA:33,1
DA:34,1
DA:35,1
DA:36,1
DA:37,1
DA:38,1
DA:39,1
DA:40,2
DA:41,1
DA:42,1
DA:43,1
DA:44,1
DA:45,0
DA:46,1
DA:47,1
DA:48,1
DA:49,1
DA:50,1
DA:51,1
DA:52,1
DA:53,2
DA:54,2
DA:55,2
DA:56,2
DA:57,2
DA:58,2
DA:59,2
DA:60,2
DA:61,2
DA:62,2
DA:63,0
DA:64,2
DA:65,2
DA:66,1
DA:67,1
DA:68,1
DA:69,1
DA:70,1
DA:71,1
DA:72,1
DA:73,1
DA:74,1
DA:75,1
DA:76,1
DA:77,1
DA:78,0
DA:79,1
DA:80,1
DA:81,1
LF:81
LH:74
BRDA:11,0,0,1
BRDA:15,1,0,2
BRDA:19,2,0,1
BRDA:34,3,0,1
BRDA:36,4,0,1
BRDA:39,5,0,2
BRDA:52,6,0,2
BRDA:54,7,0,2
BRDA:57,8,0,2
BRDA:67,9,0,1
BRDA:69,10,0,1
BRDA:72,11,0,1
BRF:12
BRH:12
end_of_record
